<?xml version="1.0" encoding="UTF-8"?>
<testsuite name="com.emak.user.api.CreateUserRequestTest" tests="3" skipped="0" failures="0" errors="0" timestamp="2014-12-16T23:45:58" hostname="saurabhs-air" time="0.036">
  <properties/>
  <testcase name="nullUser" classname="com.emak.user.api.CreateUserRequestTest" time="0.008"/>
  <testcase name="invalidPassword" classname="com.emak.user.api.CreateUserRequestTest" time="0.015"/>
  <testcase name="validRequest" classname="com.emak.user.api.CreateUserRequestTest" time="0.013"/>
  <system-out><![CDATA[]]></system-out>
  <system-err><![CDATA[]]></system-err>
</testsuite>
