<?xml version="1.0" encoding="UTF-8"?>
<testsuite name="UserIntegrationTest" tests="13" skipped="0" failures="0" errors="0" timestamp="2014-12-16T23:46:14" hostname="saurabhs-air" time="0.588">
  <properties/>
  <testcase name="testUserDoesNotExist" classname="UserIntegrationTest" time="0.042"/>
  <testcase name="testSignUpUser" classname="UserIntegrationTest" time="0.033"/>
  <testcase name="testLoginWithSpecialCharacters" classname="UserIntegrationTest" time="0.053"/>
  <testcase name="testPasswordTooShort" classname="UserIntegrationTest" time="0.038"/>
  <testcase name="testLogin" classname="UserIntegrationTest" time="0.037"/>
  <testcase name="testUsernameAlreadyExists" classname="UserIntegrationTest" time="0.028"/>
  <testcase name="testUpdateUser" classname="UserIntegrationTest" time="0.098"/>
  <testcase name="testMe" classname="UserIntegrationTest" time="0.048"/>
  <testcase name="testInvalidRequest" classname="UserIntegrationTest" time="0.027"/>
  <testcase name="testGetUserByEmailAddress" classname="UserIntegrationTest" time="0.041"/>
  <testcase name="testUpdateRefreshesMeResource" classname="UserIntegrationTest" time="0.072"/>
  <testcase name="testUsernameCase" classname="UserIntegrationTest" time="0.031"/>
  <testcase name="testInvalidPasswordOnLogin" classname="UserIntegrationTest" time="0.034"/>
  <system-out><![CDATA[payload{"user":{"emailAddress":"OHvRndFV@example.com"},"password":"password123"}
payload{"user":{"emailAddress":"dfw+9Ri@example.com"},"password":"@34 !?1123++"}
payload{"user":{"emailAddress":"ObnFLEml@example.com"},"password":"1234"}
payload{"user":{"emailAddress":"PQJbBWGO@example.com"},"password":"password123"}
payload{"user":{"emailAddress":"MMrLWNXo@example.com"},"password":"password123"}
payload{"user":{"emailAddress":"MMrLWNXo@example.com"},"password":"password123"}
payload{"user":{"emailAddress":"kBNJYfmK@example.com"},"password":"password123"}
payload{"user":{"emailAddress":"cOBCLvee@example.com"},"password":"password123"}
payload{"userName":"qIfTeSMO@example.com","password":"password123"}
logbak: 23:46:14.554 groovyx.net.http.RESTClient - Error parsing 'text/plain' response
net.sf.json.JSONException: Invalid JSON String
	at net.sf.json.JSONSerializer.toJSON(JSONSerializer.java:143) ~[json-lib-2.3-jdk15.jar:na]
	at net.sf.json.JSONSerializer.toJSON(JSONSerializer.java:103) ~[json-lib-2.3-jdk15.jar:na]
	at net.sf.json.groovy.JsonSlurper.parseText(JsonSlurper.java:80) ~[json-lib-2.3-jdk15.jar:na]
	at net.sf.json.groovy.JsonSlurper.parse(JsonSlurper.java:76) ~[json-lib-2.3-jdk15.jar:na]
	at groovyx.net.http.ParserRegistry.parseJSON(ParserRegistry.java:282) ~[http-builder-0.5.2.jar:na]
	at sun.reflect.GeneratedMethodAccessor5.invoke(Unknown Source) ~[na:na]
	at sun.reflect.DelegatingMethodAccessorImpl.invoke(DelegatingMethodAccessorImpl.java:43) ~[na:1.7.0_65]
	at java.lang.reflect.Method.invoke(Method.java:606) ~[na:1.7.0_65]
	at org.codehaus.groovy.reflection.CachedMethod.invoke(CachedMethod.java:90) ~[groovy-all-2.0.0.jar:2.0.0]
	at groovy.lang.MetaMethod.doMethodInvoke(MetaMethod.java:233) ~[groovy-all-2.0.0.jar:2.0.0]
	at groovy.lang.MetaClassImpl.invokeMethod(MetaClassImpl.java:1074) ~[groovy-all-2.0.0.jar:2.0.0]
	at groovy.lang.MetaClassImpl.invokeMethod(MetaClassImpl.java:941) ~[groovy-all-2.0.0.jar:2.0.0]
	at groovy.lang.MetaClassImpl.invokeMethod(MetaClassImpl.java:904) ~[groovy-all-2.0.0.jar:2.0.0]
	at groovy.lang.Closure.call(Closure.java:410) ~[groovy-all-2.0.0.jar:2.0.0]
	at groovy.lang.Closure.call(Closure.java:423) ~[groovy-all-2.0.0.jar:2.0.0]
	at groovyx.net.http.HTTPBuilder.parseResponse(HTTPBuilder.java:561) ~[http-builder-0.5.2.jar:na]
	at groovyx.net.http.HTTPBuilder.doRequest(HTTPBuilder.java:494) ~[http-builder-0.5.2.jar:na]
	at groovyx.net.http.RESTClient.post(RESTClient.java:140) [http-builder-0.5.2.jar:na]
	at groovyx.net.http.RESTClient$post.call(Unknown Source) [http-builder-0.5.2.jar:na]
	at BaseIntegrationTst.httpSignUpUser(BaseIntegrationTst.groovy:38) [test/:na]
	at sun.reflect.NativeMethodAccessorImpl.invoke0(Native Method) ~[na:1.7.0_65]
	at sun.reflect.NativeMethodAccessorImpl.invoke(NativeMethodAccessorImpl.java:57) ~[na:1.7.0_65]
	at sun.reflect.DelegatingMethodAccessorImpl.invoke(DelegatingMethodAccessorImpl.java:43) ~[na:1.7.0_65]
	at java.lang.reflect.Method.invoke(Method.java:606) ~[na:1.7.0_65]
	at org.codehaus.groovy.runtime.callsite.PogoMetaMethodSite$PogoCachedMethodSiteNoUnwrapNoCoerce.invoke(PogoMetaMethodSite.java:272) [groovy-all-2.0.0.jar:2.0.0]
	at org.codehaus.groovy.runtime.callsite.PogoMetaMethodSite.callCurrent(PogoMetaMethodSite.java:52) [groovy-all-2.0.0.jar:2.0.0]
	at org.codehaus.groovy.runtime.callsite.CallSiteArray.defaultCallCurrent(CallSiteArray.java:49) [groovy-all-2.0.0.jar:2.0.0]
	at org.codehaus.groovy.runtime.callsite.AbstractCallSite.callCurrent(AbstractCallSite.java:133) [groovy-all-2.0.0.jar:2.0.0]
	at org.codehaus.groovy.runtime.callsite.AbstractCallSite.callCurrent(AbstractCallSite.java:141) [groovy-all-2.0.0.jar:2.0.0]
	at UserIntegrationTest.testInvalidRequest(UserIntegrationTest.groovy:21) [test/:na]
	at sun.reflect.NativeMethodAccessorImpl.invoke0(Native Method) ~[na:1.7.0_65]
	at sun.reflect.NativeMethodAccessorImpl.invoke(NativeMethodAccessorImpl.java:57) ~[na:1.7.0_65]
	at sun.reflect.DelegatingMethodAccessorImpl.invoke(DelegatingMethodAccessorImpl.java:43) ~[na:1.7.0_65]
	at java.lang.reflect.Method.invoke(Method.java:606) ~[na:1.7.0_65]
	at junit.framework.TestCase.runTest(TestCase.java:176) [junit-4.11.jar:na]
	at junit.framework.TestCase.runBare(TestCase.java:141) [junit-4.11.jar:na]
	at junit.framework.TestResult$1.protect(TestResult.java:122) [junit-4.11.jar:na]
	at junit.framework.TestResult.runProtected(TestResult.java:142) [junit-4.11.jar:na]
	at junit.framework.TestResult.run(TestResult.java:125) [junit-4.11.jar:na]
	at junit.framework.TestCase.run(TestCase.java:129) [junit-4.11.jar:na]
	at junit.framework.TestSuite.runTest(TestSuite.java:255) [junit-4.11.jar:na]
	at junit.framework.TestSuite.run(TestSuite.java:250) [junit-4.11.jar:na]
	at org.junit.internal.runners.JUnit38ClassRunner.run(JUnit38ClassRunner.java:84) [junit-4.11.jar:na]
	at org.gradle.api.internal.tasks.testing.junit.JUnitTestClassExecuter.runTestClass(JUnitTestClassExecuter.java:86) [gradle-plugins-2.1.jar:2.1]
	at org.gradle.api.internal.tasks.testing.junit.JUnitTestClassExecuter.execute(JUnitTestClassExecuter.java:49) [gradle-plugins-2.1.jar:2.1]
	at org.gradle.api.internal.tasks.testing.junit.JUnitTestClassProcessor.processTestClass(JUnitTestClassProcessor.java:69) [gradle-plugins-2.1.jar:2.1]
	at org.gradle.api.internal.tasks.testing.SuiteTestClassProcessor.processTestClass(SuiteTestClassProcessor.java:48) [gradle-plugins-2.1.jar:2.1]
	at sun.reflect.NativeMethodAccessorImpl.invoke0(Native Method) ~[na:1.7.0_65]
	at sun.reflect.NativeMethodAccessorImpl.invoke(NativeMethodAccessorImpl.java:57) ~[na:1.7.0_65]
	at sun.reflect.DelegatingMethodAccessorImpl.invoke(DelegatingMethodAccessorImpl.java:43) ~[na:1.7.0_65]
	at java.lang.reflect.Method.invoke(Method.java:606) ~[na:1.7.0_65]
	at org.gradle.messaging.dispatch.ReflectionDispatch.dispatch(ReflectionDispatch.java:35) [gradle-messaging-2.1.jar:2.1]
	at org.gradle.messaging.dispatch.ReflectionDispatch.dispatch(ReflectionDispatch.java:24) [gradle-messaging-2.1.jar:2.1]
	at org.gradle.messaging.dispatch.ContextClassLoaderDispatch.dispatch(ContextClassLoaderDispatch.java:32) [gradle-messaging-2.1.jar:2.1]
	at org.gradle.messaging.dispatch.ProxyDispatchAdapter$DispatchingInvocationHandler.invoke(ProxyDispatchAdapter.java:93) [gradle-messaging-2.1.jar:2.1]
	at com.sun.proxy.$Proxy2.processTestClass(Unknown Source) [na:na]
	at org.gradle.api.internal.tasks.testing.worker.TestWorker.processTestClass(TestWorker.java:105) [gradle-plugins-2.1.jar:2.1]
	at sun.reflect.NativeMethodAccessorImpl.invoke0(Native Method) ~[na:1.7.0_65]
	at sun.reflect.NativeMethodAccessorImpl.invoke(NativeMethodAccessorImpl.java:57) ~[na:1.7.0_65]
	at sun.reflect.DelegatingMethodAccessorImpl.invoke(DelegatingMethodAccessorImpl.java:43) ~[na:1.7.0_65]
	at java.lang.reflect.Method.invoke(Method.java:606) ~[na:1.7.0_65]
	at org.gradle.messaging.dispatch.ReflectionDispatch.dispatch(ReflectionDispatch.java:35) [gradle-messaging-2.1.jar:2.1]
	at org.gradle.messaging.dispatch.ReflectionDispatch.dispatch(ReflectionDispatch.java:24) [gradle-messaging-2.1.jar:2.1]
	at org.gradle.messaging.remote.internal.hub.MessageHub$Handler.run(MessageHub.java:355) [gradle-messaging-2.1.jar:2.1]
	at org.gradle.internal.concurrent.DefaultExecutorFactory$StoppableExecutorImpl$1.run(DefaultExecutorFactory.java:64) [gradle-base-services-2.1.jar:2.1]
	at java.util.concurrent.ThreadPoolExecutor.runWorker(ThreadPoolExecutor.java:1145) [na:1.7.0_65]
	at java.util.concurrent.ThreadPoolExecutor$Worker.run(ThreadPoolExecutor.java:615) [na:1.7.0_65]
	at java.lang.Thread.run(Thread.java:745) [na:1.7.0_65]
payload{"user":{"emailAddress":"tlGMOykQ@example.com"},"password":"password123"}
payload{"user":{"emailAddress":"HIXLoCyV@example.com"},"password":"password123"}
payload{"user":{"emailAddress":"UgLdAmRT@example.com"},"password":"password123"}
payload{"user":{"emailAddress":"ODYzMkbN@example.com"},"password":"password123"}
]]></system-out>
  <system-err><![CDATA[]]></system-err>
</testsuite>
