<?xml version="1.0" encoding="UTF-8"?>
<testsuite name="com.emak.user.api.PasswordRequestTest" tests="3" skipped="0" failures="0" errors="0" timestamp="2014-12-16T23:45:58" hostname="saurabhs-air" time="0.019">
  <properties/>
  <testcase name="passwordTooShort" classname="com.emak.user.api.PasswordRequestTest" time="0.005"/>
  <testcase name="validPassword" classname="com.emak.user.api.PasswordRequestTest" time="0.006"/>
  <testcase name="passwordTooLong" classname="com.emak.user.api.PasswordRequestTest" time="0.007"/>
  <system-out><![CDATA[]]></system-out>
  <system-err><![CDATA[]]></system-err>
</testsuite>
